<?xml version="1.0" encoding="UTF-8"?>
<testng-results skipped="0" failed="0" total="2" passed="2">
  <reporter-output>
  </reporter-output>
  <suite name="Default suite" duration-ms="67" started-at="2019-06-23T10:44:51Z" finished-at="2019-06-23T10:44:51Z">
    <groups>
    </groups>
    <test name="Default test" duration-ms="67" started-at="2019-06-23T10:44:51Z" finished-at="2019-06-23T10:44:51Z">
      <class name="Testingprograms.calculatorApp2">
        <test-method status="PASS" signature="mul()[pri:0, instance:Testingprograms.calculatorApp2@153f5a29]" name="mul" duration-ms="15" started-at="2019-06-23T16:14:51Z" finished-at="2019-06-23T16:14:51Z">
          <reporter-output>
          </reporter-output>
        </test-method> <!-- mul -->
        <test-method status="PASS" signature="sum()[pri:0, instance:Testingprograms.calculatorApp2@153f5a29]" name="sum" duration-ms="5" started-at="2019-06-23T16:14:51Z" finished-at="2019-06-23T16:14:51Z">
          <reporter-output>
          </reporter-output>
        </test-method> <!-- sum -->
      </class> <!-- Testingprograms.calculatorApp2 -->
    </test> <!-- Default test -->
  </suite> <!-- Default suite -->
</testng-results>
